[ 2017-11-21T19:03:08+08:00 ] 192.168.96.1 GET http://api.demo.com/

Mozilla/5.0 (Windows NT 6.1; Win64; x64; rv:57.0) Gecko/20100101 Firefox/57.0
EMERG
Class 'framework\libraries\Config' not found File: /data/wwwroot/huangshaowen/framework/src/libraries/View.php [16]
---------------------------------------------------------------


[ 2017-11-21T19:03:55+08:00 ] 192.168.96.1 GET http://api.demo.com/

Mozilla/5.0 (Windows NT 6.1; Win64; x64; rv:57.0) Gecko/20100101 Firefox/57.0
EMERG
Class 'framework\libraries\Config' not found File: /data/wwwroot/huangshaowen/framework/src/libraries/View.php [16]
---------------------------------------------------------------


[ 2017-11-21T19:05:13+08:00 ] 192.168.96.1 GET http://api.demo.com/

Mozilla/5.0 (Windows NT 6.1; Win64; x64; rv:57.0) Gecko/20100101 Firefox/57.0
EMERG
Class 'framework\libraries\Config' not found File: /data/wwwroot/huangshaowen/framework/src/libraries/View.php [16]
---------------------------------------------------------------


[ 2017-11-21T19:57:43+08:00 ] 192.168.96.1 GET http://api.demo.com/test/index/

Mozilla/5.0 (Windows NT 6.1; Win64; x64; rv:57.0) Gecko/20100101 Firefox/57.0
EMERG
Class 'Config' not found File: /data/wwwroot/huangshaowen/framework/src/function.php [12]
---------------------------------------------------------------


